<?xml version="1.0" encoding="UTF-8"?>
<!-- Generated by org.testng.reporters.JUnitXMLReporter -->
<testsuite hostname="WIN-GLF10487UOQ" failures="0" tests="3" name="Surefire test" time="135.961" errors="0" timestamp="15 Oct 2022 19:35:16 GMT">
  <testcase classname="com.sddevops.selenium2_maven.eclipse.JulieTest" name="findByClassName" time="46.173"/>
  <testcase classname="com.sddevops.selenium2_maven.eclipse.JulieTest" name="findById" time="40.013"/>
  <testcase classname="com.sddevops.selenium2_maven.eclipse.JulieTest" name="findByName" time="40.449"/>
</testsuite> <!-- Surefire test -->
