<?xml version="1.0" encoding="UTF-8"?>
<!-- Generated by org.testng.reporters.JUnitXMLReporter -->
<testsuite hostname="WIN-GLF10487UOQ" failures="0" tests="4" name="Surefire test" time="26.257" errors="0" timestamp="15 Oct 2022 16:03:36 GMT">
  <testcase classname="com.sddevops.selenium2_maven.eclipse.JulieTest" name="findByClassName" time="7.999"/>
  <testcase classname="com.sddevops.selenium2_maven.eclipse.JulieTest" name="findById" time="3.058"/>
  <testcase classname="com.sddevops.selenium2_maven.eclipse.JulieTest" name="findByName" time="2.74"/>
  <testcase classname="com.sddevops.selenium2_maven.eclipse.JulieTest" name="testHomeSearch" time="3.535"/>
</testsuite> <!-- Surefire test -->
