<?xml version="1.0" encoding="UTF-8"?>
<testsuite xmlns:xsi="http://www.w3.org/2001/XMLSchema-instance" xsi:noNamespaceSchemaLocation="https://maven.apache.org/surefire/maven-surefire-plugin/xsd/surefire-test-report.xsd" name="TestSuite" time="31.562" tests="5" errors="0" skipped="0" failures="0">
  <properties>
[...]
</properties>
  <testcase name="findByClassName" classname="com.sddevops.selenium2_maven.eclipse.JulieTest" time="8.012"/>
  <testcase name="findById" classname="com.sddevops.selenium2_maven.eclipse.JulieTest" time="3.042"/>
  <testcase name="findByName" classname="com.sddevops.selenium2_maven.eclipse.JulieTest" time="2.742"/>
  <testcase name="testHomeSearch" classname="com.sddevops.selenium2_maven.eclipse.JulieTest" time="3.545"/>
  <testcase name="shouldAnswerWithTrue on shouldAnswerWithTrue(com.sddevops.selenium2_maven.eclipse.AppTest)" classname="com.sddevops.selenium2_maven.eclipse.AppTest" time="0"/>
</testsuite>