<?xml version="1.0" encoding="UTF-8"?>
<testng-results total="4" passed="4" failed="0" skipped="0">
  <reporter-output>
  </reporter-output>
  <suite started-at="2022-10-15T18:55:18Z" name="Default suite" finished-at="2022-10-15T18:55:39Z" duration-ms="21419">
    <groups>
    </groups>
    <test started-at="2022-10-15T18:55:18Z" name="Default test" finished-at="2022-10-15T18:55:39Z" duration-ms="21419">
      <class name="com.sddevops.selenium2_maven.eclipse.JulieTest">
        <test-method is-config="true" signature="beforeTest()[pri:0, instance:com.sddevops.selenium2_maven.eclipse.JulieTest@3e6f3f28]" started-at="2022-10-15T11:55:18Z" name="beforeTest" finished-at="2022-10-15T11:55:21Z" duration-ms="3418" status="PASS">
          <reporter-output>
          </reporter-output>
        </test-method> <!-- beforeTest -->
        <test-method signature="findByClassName()[pri:0, instance:com.sddevops.selenium2_maven.eclipse.JulieTest@3e6f3f28]" started-at="2022-10-15T11:55:21Z" name="findByClassName" finished-at="2022-10-15T11:55:28Z" duration-ms="7354" status="PASS">
          <reporter-output>
          </reporter-output>
        </test-method> <!-- findByClassName -->
        <test-method signature="findById()[pri:0, instance:com.sddevops.selenium2_maven.eclipse.JulieTest@3e6f3f28]" started-at="2022-10-15T11:55:28Z" name="findById" finished-at="2022-10-15T11:55:31Z" duration-ms="2955" status="PASS">
          <reporter-output>
          </reporter-output>
        </test-method> <!-- findById -->
        <test-method signature="findByName()[pri:0, instance:com.sddevops.selenium2_maven.eclipse.JulieTest@3e6f3f28]" started-at="2022-10-15T11:55:31Z" name="findByName" finished-at="2022-10-15T11:55:34Z" duration-ms="2744" status="PASS">
          <reporter-output>
          </reporter-output>
        </test-method> <!-- findByName -->
        <test-method signature="testHomeSearch()[pri:0, instance:com.sddevops.selenium2_maven.eclipse.JulieTest@3e6f3f28]" started-at="2022-10-15T11:55:34Z" name="testHomeSearch" finished-at="2022-10-15T11:55:37Z" duration-ms="3212" status="PASS">
          <reporter-output>
          </reporter-output>
        </test-method> <!-- testHomeSearch -->
        <test-method is-config="true" signature="afterTest()[pri:0, instance:com.sddevops.selenium2_maven.eclipse.JulieTest@3e6f3f28]" started-at="2022-10-15T11:55:37Z" name="afterTest" finished-at="2022-10-15T11:55:39Z" duration-ms="1708" status="PASS">
          <reporter-output>
          </reporter-output>
        </test-method> <!-- afterTest -->
      </class> <!-- com.sddevops.selenium2_maven.eclipse.JulieTest -->
    </test> <!-- Default test -->
  </suite> <!-- Default suite -->
</testng-results>
