<?xml version="1.0" encoding="UTF-8"?>
<testng-results total="4" passed="4" failed="0" skipped="0">
  <reporter-output>
  </reporter-output>
  <suite started-at="2022-10-15T15:23:27Z" name="Default suite" finished-at="2022-10-15T15:26:19Z" duration-ms="171564">
    <groups>
    </groups>
    <test started-at="2022-10-15T15:23:27Z" name="Default test" finished-at="2022-10-15T15:26:19Z" duration-ms="171564">
      <class name="com.sddevops.selenium2_maven.eclipse.JulieTest">
        <test-method is-config="true" signature="beforeTest()[pri:0, instance:com.sddevops.selenium2_maven.eclipse.JulieTest@769d513]" started-at="2022-10-15T08:23:27Z" name="beforeTest" finished-at="2022-10-15T08:23:32Z" duration-ms="4550" status="PASS">
          <reporter-output>
          </reporter-output>
        </test-method> <!-- beforeTest -->
        <test-method signature="findByClassName()[pri:0, instance:com.sddevops.selenium2_maven.eclipse.JulieTest@769d513]" started-at="2022-10-15T08:23:32Z" name="findByClassName" finished-at="2022-10-15T08:24:15Z" duration-ms="42748" status="PASS">
          <reporter-output>
          </reporter-output>
        </test-method> <!-- findByClassName -->
        <test-method signature="findById()[pri:0, instance:com.sddevops.selenium2_maven.eclipse.JulieTest@769d513]" started-at="2022-10-15T08:24:15Z" name="findById" finished-at="2022-10-15T08:24:55Z" duration-ms="39964" status="PASS">
          <reporter-output>
          </reporter-output>
        </test-method> <!-- findById -->
        <test-method signature="findByName()[pri:0, instance:com.sddevops.selenium2_maven.eclipse.JulieTest@769d513]" started-at="2022-10-15T08:24:55Z" name="findByName" finished-at="2022-10-15T08:25:36Z" duration-ms="41194" status="PASS">
          <reporter-output>
          </reporter-output>
        </test-method> <!-- findByName -->
        <test-method signature="testHomeSearch()[pri:0, instance:com.sddevops.selenium2_maven.eclipse.JulieTest@769d513]" started-at="2022-10-15T08:25:36Z" name="testHomeSearch" finished-at="2022-10-15T08:26:16Z" duration-ms="40417" status="PASS">
          <reporter-output>
          </reporter-output>
        </test-method> <!-- testHomeSearch -->
        <test-method is-config="true" signature="afterTest()[pri:0, instance:com.sddevops.selenium2_maven.eclipse.JulieTest@769d513]" started-at="2022-10-15T08:26:16Z" name="afterTest" finished-at="2022-10-15T08:26:19Z" duration-ms="2447" status="PASS">
          <reporter-output>
          </reporter-output>
        </test-method> <!-- afterTest -->
      </class> <!-- com.sddevops.selenium2_maven.eclipse.JulieTest -->
    </test> <!-- Default test -->
  </suite> <!-- Default suite -->
</testng-results>
